[2022-01-09T22:45:55.529] [DEBUG] cheese - Url {
  protocol: 'https:',
  slashes: true,
  auth: null,
  host: 'www.baidu.com:443',
  port: '443',
  hostname: 'www.baidu.com',
  hash: '#tag=3',
  search: '?id=2',
  query: 'id=2',
  pathname: '/path/index.html',
  path: '/path/index.html?id=2',
  href: 'https://www.baidu.com:443/path/index.html?id=2#tag=3'
}
[2022-01-10T18:42:05.921] [DEBUG] cheese - https://www.baidu.com:443/path/index.html?id=2#tag=3
[2022-01-10T18:44:25.558] [DEBUG] cheese - http://www.abc.com/
[2022-01-10T18:44:53.855] [DEBUG] cheese - http://www.abc.com/
[2022-01-10T18:44:53.857] [DEBUG] cheese - http://www.abc.com/b
[2022-01-10T18:49:02.220] [DEBUG] cheese - URLSearchParams { 'https://www.baidu.com:443/path/index.html?id' => '2#tag=3' }
[2022-01-10T18:49:40.130] [DEBUG] cheese - null
[2022-01-10T18:54:11.855] [DEBUG] cheese - null
[2022-01-10T18:57:06.779] [DEBUG] cheese - 2
